<?xml version="1.0" encoding="UTF-8"?>
<!-- Generated by org.testng.reporters.JUnitReportReporter -->
<testsuite hostname="DESKTOP-A60CBK5" failures="0" tests="1" name="test.ktmTest" time="99.091" errors="0" timestamp="2022-12-12T13:41:26 IST" skipped="0">
  <testcase classname="test.ktmTest" name="ktm" time="99.091"/>
  <system-out/>
</testsuite> <!-- test.ktmTest -->
