<?xml version="1.0" encoding="UTF-8"?>
<!-- Generated by org.testng.reporters.JUnitReportReporter -->
<testsuite hostname="DESKTOP-A60CBK5" failures="0" tests="1" name="test.ktm" time="109.197" errors="0" timestamp="2022-12-06T21:51:26 IST" skipped="0">
  <testcase classname="test.ktm" name="ktm" time="109.197"/>
  <system-out/>
</testsuite> <!-- test.ktm -->
